/bin/sh: 1: python3: not found
/bin/sh: 1: python3: not found
/bin/sh: 1: python3: not found
/bin/sh: 1: /bin/sh: 1: python: not found
python3: not found
/bin/sh: 1: python3: not found
/bin/sh: 1: python: not found
/bin/sh: 1: python: not found
/bin/sh: 1: python3: not found
/bin/sh: 1: python: not found
/bin/sh: 1: python3: not found
/bin/sh: 1: python3: not found
/bin/sh: 1: python: not found
/bin/sh: 1: python3: not found
/bin/sh: 1: python: not found
/bin/sh: 1: python3: not found
/bin/sh: 1: python: not found
/bin/sh: 1: python: not found
/bin/sh: 1: python3: not found
/bin/sh: 1: python: not found
/bin/sh: 1: python3: not found
/bin/sh: 1: python: not found
/bin/sh: 1: python3: not found
/bin/sh: 1: python: not found
/bin/sh: 1: python3: not found
/bin/sh: 1: python3: not found
/bin/sh: 1: python: not found
/bin/sh: 1: python: not found
/bin/sh: 1: python3: not found
/bin/sh: 1: python: not found
/bin/sh: 1: python3: not found
/bin/sh: 1: python3: not found
/bin/sh: 1: python: not found
/bin/sh: 1: python3: not found
/bin/sh: 1: python: not found
/bin/sh: 1: python3: not found
/bin/sh: 1: python: not found
/bin/sh: 1: python3: not found
/bin/sh: 1: python: not found
/bin/sh: 1: python: not found
/bin/sh: 1: python: not found
/bin/sh: 1: python: not found
/bin/sh: 1: python: not found
/bin/sh: 1: python: not found
/bin/sh: 1: python: not found
/bin/sh: 1: python: not found
/bin/sh: 1: python: not found
[2025-09-01 12:17:01.875072] abc 定时任务开始执行
执行业务逻辑...
数据处理完成
[2025-09-01 12:17:03.875352] abc 定时任务执行完成
[2025-09-01 12:18:01.886571] abc 定时任务开始执行
执行业务逻辑...
数据处理完成
[2025-09-01 12:18:03.886759] abc 定时任务执行完成
[2025-09-01 12:19:01.895750] abc 定时任务开始执行
执行业务逻辑...
数据处理完成
[2025-09-01 12:19:03.895936] abc 定时任务执行完成
[2025-09-01 12:20:01.904681] abc 定时任务开始执行
执行业务逻辑...
数据处理完成
[2025-09-01 12:20:03.904867] abc 定时任务执行完成
[2025-09-01 12:21:01.913349] abc 定时任务开始执行
执行业务逻辑...
数据处理完成
[2025-09-01 12:21:03.913653] abc 定时任务执行完成
[2025-09-01 12:22:01.923956] abc 定时任务开始执行
执行业务逻辑...
数据处理完成
[2025-09-01 12:22:03.924137] abc 定时任务执行完成
[2025-09-01 12:23:01.933539] abc 定时任务开始执行
执行业务逻辑...
数据处理完成
[2025-09-01 12:23:03.933704] abc 定时任务执行完成
[2025-09-01 12:24:01.948049] abc 定时任务开始执行
执行业务逻辑...
数据处理完成
[2025-09-01 12:24:03.948356] abc 定时任务执行完成
[2025-09-01 12:25:01.958587] abc 定时任务开始执行
执行业务逻辑...
数据处理完成
[2025-09-01 12:25:03.958769] abc 定时任务执行完成
[2025-09-01 12:26:01.968228] abc 定时任务开始执行
执行业务逻辑...
数据处理完成
[2025-09-01 12:26:03.968412] abc 定时任务执行完成
[2025-09-01 12:27:01.980214] abc 定时任务开始执行
执行业务逻辑...
数据处理完成
[2025-09-01 12:27:03.980471] abc 定时任务执行完成
[2025-09-01 12:28:01.991268] abc 定时任务开始执行
执行业务逻辑...
数据处理完成
[2025-09-01 12:28:03.991552] abc 定时任务执行完成
[2025-09-01 12:29:02.001144] abc 定时任务开始执行
执行业务逻辑...
数据处理完成
[2025-09-01 12:29:04.001324] abc 定时任务执行完成
[2025-09-01 12:30:01.010207] abc 定时任务开始执行
执行业务逻辑...
数据处理完成
[2025-09-01 12:30:03.010440] abc 定时任务执行完成
[2025-09-01 12:31:01.019077] abc 定时任务开始执行
执行业务逻辑...
数据处理完成
[2025-09-01 12:31:03.019235] abc 定时任务执行完成
[2025-09-01 12:32:01.028104] abc 定时任务开始执行
执行业务逻辑...
数据处理完成
[2025-09-01 12:32:03.028285] abc 定时任务执行完成
[2025-09-01 12:33:01.036694] abc 定时任务开始执行
执行业务逻辑...
数据处理完成
[2025-09-01 12:33:03.036865] abc 定时任务执行完成
[2025-09-01 12:34:01.045433] abc 定时任务开始执行
执行业务逻辑...
数据处理完成
[2025-09-01 12:34:03.045710] abc 定时任务执行完成
[2025-09-01 12:35:01.055957] abc 定时任务开始执行
执行业务逻辑...
数据处理完成
[2025-09-01 12:35:03.056134] abc 定时任务执行完成
[2025-09-01 12:36:01.064989] abc 定时任务开始执行
执行业务逻辑...
数据处理完成
[2025-09-01 12:36:03.065167] abc 定时任务执行完成
[2025-09-01 12:37:01.077607] abc 定时任务开始执行
执行业务逻辑...
数据处理完成
[2025-09-01 12:37:03.077801] abc 定时任务执行完成
[2025-09-01 12:38:01.089782] abc 定时任务开始执行
执行业务逻辑...
数据处理完成
[2025-09-01 12:38:03.089973] abc 定时任务执行完成
[2025-09-01 12:39:01.101900] abc 定时任务开始执行
执行业务逻辑...
数据处理完成
[2025-09-01 12:39:03.102083] abc 定时任务执行完成
[2025-09-01 12:40:01.110854] abc 定时任务开始执行
执行业务逻辑...
数据处理完成
[2025-09-01 12:40:03.111088] abc 定时任务执行完成
[2025-09-01 12:41:01.121677] abc 定时任务开始执行
执行业务逻辑...
数据处理完成
[2025-09-01 12:41:03.121859] abc 定时任务执行完成
[2025-09-01 12:42:01.131314] abc 定时任务开始执行
执行业务逻辑...
数据处理完成
[2025-09-01 12:42:03.131496] abc 定时任务执行完成
[2025-09-01 12:43:01.143070] abc 定时任务开始执行
执行业务逻辑...
数据处理完成
[2025-09-01 12:43:03.143257] abc 定时任务执行完成
[2025-09-01 12:44:01.152135] abc 定时任务开始执行
执行业务逻辑...
数据处理完成
[2025-09-01 12:44:03.152315] abc 定时任务执行完成
[2025-09-01 12:45:01.161509] abc 定时任务开始执行
执行业务逻辑...
数据处理完成
[2025-09-01 12:45:03.161738] abc 定时任务执行完成
[2025-09-01 12:46:01.170398] abc 定时任务开始执行
执行业务逻辑...
数据处理完成
[2025-09-01 12:46:03.170587] abc 定时任务执行完成
[2025-09-01 12:47:01.179588] abc 定时任务开始执行
执行业务逻辑...
数据处理完成
[2025-09-01 12:47:03.179789] abc 定时任务执行完成
[2025-09-01 12:48:01.188775] abc 定时任务开始执行
执行业务逻辑...
数据处理完成
[2025-09-01 12:48:03.189001] abc 定时任务执行完成
[2025-09-01 12:49:01.199902] abc 定时任务开始执行
执行业务逻辑...
数据处理完成
[2025-09-01 12:49:03.200097] abc 定时任务执行完成
[2025-09-01 12:50:01.208783] abc 定时任务开始执行
执行业务逻辑...
数据处理完成
[2025-09-01 12:50:03.208971] abc 定时任务执行完成
[2025-09-01 12:51:01.221131] abc 定时任务开始执行
执行业务逻辑...
数据处理完成
[2025-09-01 12:51:03.221326] abc 定时任务执行完成
[2025-09-01 12:52:01.231956] abc 定时任务开始执行
执行业务逻辑...
数据处理完成
[2025-09-01 12:52:03.232137] abc 定时任务执行完成
[2025-09-01 12:53:01.243624] abc 定时任务开始执行
执行业务逻辑...
数据处理完成
[2025-09-01 12:53:03.243816] abc 定时任务执行完成
[2025-09-01 12:54:01.255492] abc 定时任务开始执行
执行业务逻辑...
数据处理完成
[2025-09-01 12:54:03.255683] abc 定时任务执行完成
[2025-09-01 12:55:01.267139] abc 定时任务开始执行
执行业务逻辑...
数据处理完成
[2025-09-01 12:55:03.267412] abc 定时任务执行完成
[2025-09-01 12:56:01.280686] abc 定时任务开始执行
执行业务逻辑...
数据处理完成
[2025-09-01 12:56:03.280885] abc 定时任务执行完成
